<?xml version="1.0" encoding="UTF-8"?>
<!-- Generated by org.testng.reporters.JUnitReportReporter -->
<testsuite hostname="lileideMacBook-Pro.local" name="testcases.SendPost" tests="1" failures="0" timestamp="25 Nov 2016 03:58:05 GMT" time="0.789" errors="0">
  <testcase name="testCase1" time="0.789" classname="testcases.SendPost"/>
</testsuite> <!-- testcases.SendPost -->
