<?xml version="1.0" encoding="UTF-8"?>
<!-- Generated by org.testng.reporters.JUnitReportReporter -->
<testsuite hostname="lileideMacBook-Pro.local" name="testcases.SendGet" tests="1" failures="0" timestamp="25 Nov 2016 03:58:05 GMT" time="1.613" errors="0">
  <testcase name="testCase1" time="1.613" classname="testcases.SendGet"/>
</testsuite> <!-- testcases.SendGet -->
